2023-12-12 17:52:17.167 [info] Log level: Info
2023-12-12 17:52:17.167 [info] Validating found git in: "git"
2023-12-12 17:52:17.167 [info] Using git "2.30.2" from "git"
2023-12-12 17:52:17.167 [info] > git rev-parse --show-toplevel [3ms]
2023-12-12 17:52:17.167 [info] > git rev-parse --git-dir --git-common-dir [4ms]
2023-12-12 17:52:17.167 [info] Open repository: /home/stu/atmmanager
2023-12-12 17:52:17.168 [info] > git rev-parse --show-toplevel [13ms]
2023-12-12 17:52:17.168 [info] > git config --get commit.template [24ms]
2023-12-12 17:52:17.168 [info] > git for-each-ref --format=%(refname)%00%(upstream:short)%00%(objectname)%00%(upstream:track)%00%(upstream:remotename)%00%(upstream:remoteref) refs/heads/master refs/remotes/master [11ms]
2023-12-12 17:52:17.168 [info] > git rev-parse --show-toplevel [25ms]
2023-12-12 17:52:17.182 [info] > git rev-parse --show-toplevel [3ms]
2023-12-12 17:52:17.212 [info] > git rev-parse --show-toplevel [16ms]
2023-12-12 17:52:17.233 [info] > git status -z -uall [22ms]
2023-12-12 17:52:17.360 [info] > git config --get commit.template [15ms]
2023-12-12 17:52:17.849 [info] > git for-each-ref --format=%(refname)%00%(upstream:short)%00%(objectname)%00%(upstream:track)%00%(upstream:remotename)%00%(upstream:remoteref) refs/heads/master refs/remotes/master [491ms]
2023-12-12 17:52:17.871 [info] > git check-ignore -v -z --stdin [4ms]
2023-12-12 17:52:17.910 [info] > git status -z -uall [21ms]
2023-12-12 17:52:20.255 [info] > git check-ignore -v -z --stdin [2ms]
2023-12-12 17:52:22.185 [info] > git check-ignore -v -z --stdin [2ms]
2023-12-12 17:52:23.432 [info] > git show --textconv :sql/atmmanager_11-16-23.sql [17ms]
2023-12-12 17:52:23.435 [info] > git ls-files --stage -- /home/stu/atmmanager/sql/atmmanager_11-16-23.sql [5ms]
2023-12-12 17:52:24.636 [info] > git show --textconv :sql/atmmanager_dump.sql [17ms]
2023-12-12 17:52:24.639 [info] > git ls-files --stage -- /home/stu/atmmanager/sql/atmmanager_dump.sql [4ms]
2023-12-12 17:52:24.657 [info] > git cat-file -s 3967a924669fec82e7647aff9f015142f12c4d29 [2ms]
2023-12-12 17:52:25.957 [info] > git show --textconv :sql/atmmanager.sql [20ms]
2023-12-12 17:52:25.960 [info] > git ls-files --stage -- /home/stu/atmmanager/sql/atmmanager.sql [4ms]
2023-12-12 17:52:25.978 [info] > git cat-file -s aef7ee5aab6d6230c44e4edd8c4cfa10a5d07aa4 [3ms]
2023-12-12 17:52:27.008 [info] > git show --textconv :sql/atmmanager_11-16-23.sql [17ms]
2023-12-12 17:52:27.010 [info] > git ls-files --stage -- /home/stu/atmmanager/sql/atmmanager_11-16-23.sql [3ms]
2023-12-12 17:52:28.200 [info] > git show --textconv :sql/atmmanager_dump.sql [17ms]
2023-12-12 17:52:28.202 [info] > git ls-files --stage -- /home/stu/atmmanager/sql/atmmanager_dump.sql [4ms]
2023-12-12 17:52:28.219 [info] > git cat-file -s 3967a924669fec82e7647aff9f015142f12c4d29 [2ms]
2023-12-12 17:52:35.328 [info] > git show --textconv :sql/atmmanager_11-16-23.sql [17ms]
2023-12-12 17:52:35.330 [info] > git ls-files --stage -- /home/stu/atmmanager/sql/atmmanager_11-16-23.sql [3ms]
2023-12-12 17:52:38.777 [info] > git show --textconv :sql/atmmanager_dump.sql [17ms]
2023-12-12 17:52:38.780 [info] > git ls-files --stage -- /home/stu/atmmanager/sql/atmmanager_dump.sql [5ms]
2023-12-12 17:52:38.797 [info] > git cat-file -s 3967a924669fec82e7647aff9f015142f12c4d29 [2ms]
2023-12-12 17:52:40.761 [info] > git show --textconv :sql/atmmanager.sql [17ms]
2023-12-12 17:52:40.763 [info] > git ls-files --stage -- /home/stu/atmmanager/sql/atmmanager.sql [3ms]
2023-12-12 17:52:40.780 [info] > git cat-file -s aef7ee5aab6d6230c44e4edd8c4cfa10a5d07aa4 [2ms]
2023-12-12 17:52:55.557 [info] > git check-ignore -v -z --stdin [2ms]
2023-12-12 17:55:50.628 [info] > git show --textconv :public_html/atmmanager/config.php [18ms]
2023-12-12 17:55:50.631 [info] > git ls-files --stage -- /home/stu/atmmanager/public_html/atmmanager/config.php [7ms]
2023-12-12 17:55:50.648 [info] > git cat-file -s 94fb85c7d8ca860edd4f767e3c0f77e0bb36fe15 [2ms]
2023-12-12 17:55:58.619 [info] > git show --textconv :public_html/atmmanager/nav.php [14ms]
2023-12-12 17:55:58.621 [info] > git ls-files --stage -- /home/stu/atmmanager/public_html/atmmanager/nav.php [3ms]
2023-12-12 17:55:58.636 [info] > git cat-file -s 26062cb41ecec7e1014ed9934a1faa4c2ae7a69f [2ms]
2023-12-12 17:56:02.453 [info] > git show --textconv :public_html/atmmanager/style.css [14ms]
2023-12-12 17:56:02.458 [info] > git ls-files --stage -- /home/stu/atmmanager/public_html/atmmanager/style.css [7ms]
2023-12-12 17:56:02.473 [info] > git cat-file -s 0090051f642390629e8eb139e6f0cbd2de276b43 [3ms]
2023-12-12 17:56:20.944 [info] > git config --get commit.template [16ms]
2023-12-12 17:56:20.945 [info] > git for-each-ref --format=%(refname)%00%(upstream:short)%00%(objectname)%00%(upstream:track)%00%(upstream:remotename)%00%(upstream:remoteref) refs/heads/master refs/remotes/master [3ms]
2023-12-12 17:56:20.981 [info] > git status -z -uall [22ms]
2023-12-12 17:57:55.496 [info] > git config --get commit.template [15ms]
2023-12-12 17:57:55.497 [info] > git for-each-ref --format=%(refname)%00%(upstream:short)%00%(objectname)%00%(upstream:track)%00%(upstream:remotename)%00%(upstream:remoteref) refs/heads/master refs/remotes/master [3ms]
2023-12-12 17:57:55.533 [info] > git status -z -uall [22ms]
2023-12-12 17:58:00.631 [info] > git config --get commit.template [15ms]
2023-12-12 17:58:00.631 [info] > git for-each-ref --format=%(refname)%00%(upstream:short)%00%(objectname)%00%(upstream:track)%00%(upstream:remotename)%00%(upstream:remoteref) refs/heads/master refs/remotes/master [3ms]
2023-12-12 17:58:00.666 [info] > git status -z -uall [20ms]
2023-12-12 17:58:05.077 [info] > git show --textconv :public_html/atmmanager/login.php [16ms]
2023-12-12 17:58:05.079 [info] > git ls-files --stage -- /home/stu/atmmanager/public_html/atmmanager/login.php [3ms]
2023-12-12 17:58:05.299 [info] > git check-ignore -v -z --stdin [2ms]
2023-12-12 17:58:33.104 [info] > git show --textconv :public_html/atmmanager/login.php [15ms]
2023-12-12 17:58:33.106 [info] > git ls-files --stage -- /home/stu/atmmanager/public_html/atmmanager/login.php [3ms]
2023-12-12 17:58:36.809 [info] > git check-ignore -v -z --stdin [2ms]
2023-12-12 17:58:45.007 [info] > git show --textconv :sql/atmmanager_11-16-23.sql [18ms]
2023-12-12 17:58:45.009 [info] > git ls-files --stage -- /home/stu/atmmanager/sql/atmmanager_11-16-23.sql [4ms]
2023-12-12 17:58:45.752 [info] > git show --textconv :public_html/atmmanager/login.php [17ms]
2023-12-12 17:58:45.754 [info] > git ls-files --stage -- /home/stu/atmmanager/public_html/atmmanager/login.php [3ms]
2023-12-12 18:00:57.561 [info] > git config --get commit.template [19ms]
2023-12-12 18:00:57.562 [info] > git for-each-ref --format=%(refname)%00%(upstream:short)%00%(objectname)%00%(upstream:track)%00%(upstream:remotename)%00%(upstream:remoteref) refs/heads/master refs/remotes/master [5ms]
2023-12-12 18:00:57.610 [info] > git status -z -uall [31ms]
2023-12-12 18:01:02.773 [info] > git config --get commit.template [19ms]
2023-12-12 18:01:02.774 [info] > git for-each-ref --format=%(refname)%00%(upstream:short)%00%(objectname)%00%(upstream:track)%00%(upstream:remotename)%00%(upstream:remoteref) refs/heads/master refs/remotes/master [4ms]
2023-12-12 18:01:02.819 [info] > git status -z -uall [28ms]
2023-12-12 18:01:06.574 [info] > git show --textconv :public_html/atmmanager/locator.php [19ms]
2023-12-12 18:01:06.577 [info] > git ls-files --stage -- /home/stu/atmmanager/public_html/atmmanager/locator.php [3ms]
2023-12-12 18:01:07.271 [info] > git show --textconv :public_html/atmmanager/login.php [18ms]
2023-12-12 18:01:07.273 [info] > git ls-files --stage -- /home/stu/atmmanager/public_html/atmmanager/login.php [3ms]
2023-12-12 18:01:08.130 [info] > git show --textconv :public_html/atmmanager/locator.php [18ms]
2023-12-12 18:01:08.132 [info] > git ls-files --stage -- /home/stu/atmmanager/public_html/atmmanager/locator.php [3ms]
2023-12-12 18:01:18.933 [info] > git config --get commit.template [19ms]
2023-12-12 18:01:18.934 [info] > git for-each-ref --format=%(refname)%00%(upstream:short)%00%(objectname)%00%(upstream:track)%00%(upstream:remotename)%00%(upstream:remoteref) refs/heads/master refs/remotes/master [3ms]
2023-12-12 18:01:18.979 [info] > git status -z -uall [26ms]
2023-12-12 18:01:34.078 [info] > git show --textconv :public_html/atmmanager/login.php [20ms]
2023-12-12 18:01:34.080 [info] > git ls-files --stage -- /home/stu/atmmanager/public_html/atmmanager/login.php [4ms]
2023-12-12 18:01:53.853 [info] > git show --textconv :public_html/atmmanager/style.css [19ms]
2023-12-12 18:01:53.853 [info] > git ls-files --stage -- /home/stu/atmmanager/public_html/atmmanager/style.css [4ms]
2023-12-12 18:01:53.872 [info] > git cat-file -s 0090051f642390629e8eb139e6f0cbd2de276b43 [4ms]
2023-12-12 18:01:54.452 [info] > git show --textconv :public_html/atmmanager/select.php [17ms]
2023-12-12 18:01:54.454 [info] > git ls-files --stage -- /home/stu/atmmanager/public_html/atmmanager/select.php [4ms]
2023-12-12 18:01:54.471 [info] > git cat-file -s b403453c5c367c3cc8394ea47bd17ffd62cc654b [3ms]
2023-12-12 18:01:55.096 [info] > git show --textconv :public_html/atmmanager/nav.php [16ms]
2023-12-12 18:01:55.098 [info] > git ls-files --stage -- /home/stu/atmmanager/public_html/atmmanager/nav.php [3ms]
2023-12-12 18:01:55.115 [info] > git cat-file -s 26062cb41ecec7e1014ed9934a1faa4c2ae7a69f [2ms]
2023-12-12 18:01:55.493 [info] > git show --textconv :public_html/atmmanager/login.php [17ms]
2023-12-12 18:01:55.495 [info] > git ls-files --stage -- /home/stu/atmmanager/public_html/atmmanager/login.php [3ms]
2023-12-12 18:01:56.714 [info] > git show --textconv :public_html/atmmanager/select.php [16ms]
2023-12-12 18:01:56.717 [info] > git ls-files --stage -- /home/stu/atmmanager/public_html/atmmanager/select.php [5ms]
2023-12-12 18:01:56.734 [info] > git cat-file -s b403453c5c367c3cc8394ea47bd17ffd62cc654b [2ms]
2023-12-12 18:02:02.128 [info] > git show --textconv :public_html/atmmanager/login.php [17ms]
2023-12-12 18:02:02.130 [info] > git ls-files --stage -- /home/stu/atmmanager/public_html/atmmanager/login.php [4ms]
2023-12-12 18:02:31.153 [info] > git config --get commit.template [18ms]
2023-12-12 18:02:31.155 [info] > git for-each-ref --format=%(refname)%00%(upstream:short)%00%(objectname)%00%(upstream:track)%00%(upstream:remotename)%00%(upstream:remoteref) refs/heads/master refs/remotes/master [5ms]
2023-12-12 18:02:31.199 [info] > git status -z -uall [28ms]
2023-12-12 18:04:43.737 [info] > git config --get commit.template [18ms]
2023-12-12 18:04:43.738 [info] > git for-each-ref --format=%(refname)%00%(upstream:short)%00%(objectname)%00%(upstream:track)%00%(upstream:remotename)%00%(upstream:remoteref) refs/heads/master refs/remotes/master [3ms]
2023-12-12 18:04:43.782 [info] > git status -z -uall [28ms]
2023-12-12 18:04:45.818 [info] > git show --textconv :public_html/atmmanager/config.php [18ms]
2023-12-12 18:04:45.820 [info] > git ls-files --stage -- /home/stu/atmmanager/public_html/atmmanager/config.php [3ms]
2023-12-12 18:04:45.839 [info] > git cat-file -s 94fb85c7d8ca860edd4f767e3c0f77e0bb36fe15 [2ms]
2023-12-12 18:04:48.904 [info] > git config --get commit.template [19ms]
2023-12-12 18:04:48.905 [info] > git for-each-ref --format=%(refname)%00%(upstream:short)%00%(objectname)%00%(upstream:track)%00%(upstream:remotename)%00%(upstream:remoteref) refs/heads/master refs/remotes/master [3ms]
2023-12-12 18:04:48.947 [info] > git status -z -uall [26ms]
2023-12-12 18:04:50.283 [info] > git show --textconv :public_html/atmmanager/delete.php [18ms]
2023-12-12 18:04:50.285 [info] > git ls-files --stage -- /home/stu/atmmanager/public_html/atmmanager/delete.php [3ms]
2023-12-12 18:04:50.305 [info] > git cat-file -s ab29e952c882e6ad3750ebdda3d3e6ad7ba725bf [4ms]
2023-12-12 18:04:54.668 [info] > git show --textconv :public_html/atmmanager/index.php [20ms]
2023-12-12 18:04:54.670 [info] > git ls-files --stage -- /home/stu/atmmanager/public_html/atmmanager/index.php [3ms]
2023-12-12 18:04:54.691 [info] > git cat-file -s 549cca9b840e7c41c8393424a2af86294fc72833 [2ms]
2023-12-12 18:08:56.333 [info] > git config --get commit.template [18ms]
2023-12-12 18:08:56.335 [info] > git for-each-ref --format=%(refname)%00%(upstream:short)%00%(objectname)%00%(upstream:track)%00%(upstream:remotename)%00%(upstream:remoteref) refs/heads/master refs/remotes/master [4ms]
2023-12-12 18:08:56.390 [info] > git status -z -uall [38ms]
2023-12-12 18:09:01.525 [info] > git config --get commit.template [20ms]
2023-12-12 18:09:01.526 [info] > git for-each-ref --format=%(refname)%00%(upstream:short)%00%(objectname)%00%(upstream:track)%00%(upstream:remotename)%00%(upstream:remoteref) refs/heads/master refs/remotes/master [4ms]
2023-12-12 18:09:01.569 [info] > git status -z -uall [26ms]
2023-12-12 18:09:02.627 [info] > git show --textconv :public_html/atmmanager/login.php [20ms]
2023-12-12 18:09:02.629 [info] > git ls-files --stage -- /home/stu/atmmanager/public_html/atmmanager/login.php [3ms]
2023-12-12 18:09:06.679 [info] > git config --get commit.template [19ms]
2023-12-12 18:09:06.679 [info] > git for-each-ref --format=%(refname)%00%(upstream:short)%00%(objectname)%00%(upstream:track)%00%(upstream:remotename)%00%(upstream:remoteref) refs/heads/master refs/remotes/master [3ms]
2023-12-12 18:09:06.723 [info] > git status -z -uall [25ms]
2023-12-12 18:10:39.141 [info] > git config --get commit.template [21ms]
2023-12-12 18:10:39.142 [info] > git for-each-ref --format=%(refname)%00%(upstream:short)%00%(objectname)%00%(upstream:track)%00%(upstream:remotename)%00%(upstream:remoteref) refs/heads/master refs/remotes/master [4ms]
2023-12-12 18:10:39.187 [info] > git status -z -uall [26ms]
2023-12-12 18:10:40.436 [info] > git show --textconv :public_html/atmmanager/style.css [18ms]
2023-12-12 18:10:40.438 [info] > git ls-files --stage -- /home/stu/atmmanager/public_html/atmmanager/style.css [3ms]
2023-12-12 18:10:40.456 [info] > git cat-file -s 0090051f642390629e8eb139e6f0cbd2de276b43 [2ms]
2023-12-12 18:10:44.302 [info] > git config --get commit.template [19ms]
2023-12-12 18:10:44.303 [info] > git for-each-ref --format=%(refname)%00%(upstream:short)%00%(objectname)%00%(upstream:track)%00%(upstream:remotename)%00%(upstream:remoteref) refs/heads/master refs/remotes/master [4ms]
2023-12-12 18:10:44.346 [info] > git status -z -uall [25ms]
2023-12-12 18:10:49.455 [info] > git config --get commit.template [19ms]
2023-12-12 18:10:49.456 [info] > git for-each-ref --format=%(refname)%00%(upstream:short)%00%(objectname)%00%(upstream:track)%00%(upstream:remotename)%00%(upstream:remoteref) refs/heads/master refs/remotes/master [4ms]
2023-12-12 18:10:49.499 [info] > git status -z -uall [25ms]
2023-12-12 18:11:00.902 [info] > git config --get commit.template [20ms]
2023-12-12 18:11:00.902 [info] > git for-each-ref --format=%(refname)%00%(upstream:short)%00%(objectname)%00%(upstream:track)%00%(upstream:remotename)%00%(upstream:remoteref) refs/heads/master refs/remotes/master [3ms]
2023-12-12 18:11:00.948 [info] > git status -z -uall [25ms]
2023-12-12 18:11:06.060 [info] > git config --get commit.template [20ms]
2023-12-12 18:11:06.061 [info] > git for-each-ref --format=%(refname)%00%(upstream:short)%00%(objectname)%00%(upstream:track)%00%(upstream:remotename)%00%(upstream:remoteref) refs/heads/master refs/remotes/master [3ms]
2023-12-12 18:11:06.105 [info] > git status -z -uall [25ms]
2023-12-12 18:12:32.004 [info] > git config --get commit.template [19ms]
2023-12-12 18:12:32.005 [info] > git for-each-ref --format=%(refname)%00%(upstream:short)%00%(objectname)%00%(upstream:track)%00%(upstream:remotename)%00%(upstream:remoteref) refs/heads/master refs/remotes/master [4ms]
2023-12-12 18:12:32.050 [info] > git status -z -uall [29ms]
2023-12-12 18:12:37.182 [info] > git config --get commit.template [19ms]
2023-12-12 18:12:37.183 [info] > git for-each-ref --format=%(refname)%00%(upstream:short)%00%(objectname)%00%(upstream:track)%00%(upstream:remotename)%00%(upstream:remoteref) refs/heads/master refs/remotes/master [3ms]
2023-12-12 18:12:37.226 [info] > git status -z -uall [25ms]
2023-12-12 18:14:30.162 [info] > git config --get commit.template [17ms]
2023-12-12 18:14:30.163 [info] > git for-each-ref --format=%(refname)%00%(upstream:short)%00%(objectname)%00%(upstream:track)%00%(upstream:remotename)%00%(upstream:remoteref) refs/heads/master refs/remotes/master [3ms]
2023-12-12 18:14:30.206 [info] > git status -z -uall [27ms]
2023-12-12 18:14:34.332 [info] > git show --textconv :public_html/atmmanager/login.php [19ms]
2023-12-12 18:14:34.334 [info] > git ls-files --stage -- /home/stu/atmmanager/public_html/atmmanager/login.php [3ms]
2023-12-12 18:14:35.339 [info] > git config --get commit.template [18ms]
2023-12-12 18:14:35.339 [info] > git for-each-ref --format=%(refname)%00%(upstream:short)%00%(objectname)%00%(upstream:track)%00%(upstream:remotename)%00%(upstream:remoteref) refs/heads/master refs/remotes/master [3ms]
2023-12-12 18:14:35.382 [info] > git status -z -uall [25ms]
