2023-12-12 17:34:50.409 [info] Log level: Info
2023-12-12 17:34:50.409 [info] Validating found git in: "git"
2023-12-12 17:34:50.409 [info] Using git "2.30.2" from "git"
2023-12-12 17:34:50.420 [info] > git rev-parse --show-toplevel [9ms]
2023-12-12 17:34:50.437 [info] > git rev-parse --show-toplevel [2ms]
2023-12-12 17:34:51.734 [info] > git rev-parse --show-toplevel [7ms]
2023-12-12 17:34:52.179 [info] > git rev-parse --show-toplevel [4ms]
2023-12-12 17:34:52.894 [info] > git rev-parse --show-toplevel [16ms]
2023-12-12 17:34:53.522 [info] > git rev-parse --show-toplevel [2ms]
2023-12-12 17:34:53.887 [info] > git rev-parse --show-toplevel [13ms]
2023-12-12 17:34:54.638 [info] > git rev-parse --show-toplevel [13ms]
2023-12-12 17:34:55.097 [info] > git rev-parse --show-toplevel [23ms]
2023-12-12 17:34:58.656 [info] > git rev-parse --show-toplevel [5ms]
2023-12-12 17:34:58.688 [info] > git rev-parse --git-dir --git-common-dir [16ms]
2023-12-12 17:34:58.715 [info] Open repository: /home/stu/atmmanager
2023-12-12 17:34:58.745 [info] > git config --get commit.template [10ms]
2023-12-12 17:34:58.815 [info] > git for-each-ref --format=%(refname)%00%(upstream:short)%00%(objectname)%00%(upstream:track)%00%(upstream:remotename)%00%(upstream:remoteref) refs/heads/master refs/remotes/master [55ms]
2023-12-12 17:34:58.902 [info] > git status -z -uall [66ms]
2023-12-12 17:34:59.012 [info] > git config --get commit.template [3ms]
2023-12-12 17:34:59.549 [info] > git for-each-ref --format=%(refname)%00%(upstream:short)%00%(objectname)%00%(upstream:track)%00%(upstream:remotename)%00%(upstream:remoteref) refs/heads/master refs/remotes/master [520ms]
2023-12-12 17:34:59.573 [info] > git check-ignore -v -z --stdin [5ms]
2023-12-12 17:34:59.612 [info] > git status -z -uall [20ms]
2023-12-12 17:35:00.209 [info] > git show --textconv :public_html/atmmanager/insert.php [19ms]
2023-12-12 17:35:00.212 [info] > git ls-files --stage -- /home/stu/atmmanager/public_html/atmmanager/insert.php [5ms]
2023-12-12 17:35:00.231 [info] > git cat-file -s 3476fe9eb2b0686a1ce8d6f3b65eff617b179df8 [2ms]
2023-12-12 17:35:03.312 [info] > git config --get commit.template [20ms]
2023-12-12 17:35:03.313 [info] > git for-each-ref --format=%(refname)%00%(upstream:short)%00%(objectname)%00%(upstream:track)%00%(upstream:remotename)%00%(upstream:remoteref) refs/heads/master refs/remotes/master [3ms]
2023-12-12 17:35:03.350 [info] > git status -z -uall [20ms]
2023-12-12 17:35:10.189 [info] > git config --get commit.template [19ms]
2023-12-12 17:35:10.190 [info] > git for-each-ref --format=%(refname)%00%(upstream:short)%00%(objectname)%00%(upstream:track)%00%(upstream:remotename)%00%(upstream:remoteref) refs/heads/master refs/remotes/master [3ms]
2023-12-12 17:35:10.228 [info] > git status -z -uall [20ms]
2023-12-12 17:35:15.311 [info] > git config --get commit.template [19ms]
2023-12-12 17:35:15.312 [info] > git for-each-ref --format=%(refname)%00%(upstream:short)%00%(objectname)%00%(upstream:track)%00%(upstream:remotename)%00%(upstream:remoteref) refs/heads/master refs/remotes/master [3ms]
2023-12-12 17:35:15.351 [info] > git status -z -uall [20ms]
2023-12-12 17:35:20.435 [info] > git config --get commit.template [20ms]
2023-12-12 17:35:20.437 [info] > git for-each-ref --format=%(refname)%00%(upstream:short)%00%(objectname)%00%(upstream:track)%00%(upstream:remotename)%00%(upstream:remoteref) refs/heads/master refs/remotes/master [3ms]
2023-12-12 17:35:20.474 [info] > git status -z -uall [19ms]
2023-12-12 17:35:25.558 [info] > git config --get commit.template [21ms]
2023-12-12 17:35:25.559 [info] > git for-each-ref --format=%(refname)%00%(upstream:short)%00%(objectname)%00%(upstream:track)%00%(upstream:remotename)%00%(upstream:remoteref) refs/heads/master refs/remotes/master [3ms]
2023-12-12 17:35:25.596 [info] > git status -z -uall [19ms]
2023-12-12 17:35:30.681 [info] > git config --get commit.template [21ms]
2023-12-12 17:35:30.682 [info] > git for-each-ref --format=%(refname)%00%(upstream:short)%00%(objectname)%00%(upstream:track)%00%(upstream:remotename)%00%(upstream:remoteref) refs/heads/master refs/remotes/master [3ms]
2023-12-12 17:35:30.721 [info] > git status -z -uall [19ms]
2023-12-12 17:35:35.810 [info] > git config --get commit.template [21ms]
2023-12-12 17:35:35.811 [info] > git for-each-ref --format=%(refname)%00%(upstream:short)%00%(objectname)%00%(upstream:track)%00%(upstream:remotename)%00%(upstream:remoteref) refs/heads/master refs/remotes/master [3ms]
2023-12-12 17:35:35.849 [info] > git status -z -uall [18ms]
2023-12-12 17:35:40.936 [info] > git config --get commit.template [21ms]
2023-12-12 17:35:40.937 [info] > git for-each-ref --format=%(refname)%00%(upstream:short)%00%(objectname)%00%(upstream:track)%00%(upstream:remotename)%00%(upstream:remoteref) refs/heads/master refs/remotes/master [3ms]
2023-12-12 17:35:40.976 [info] > git status -z -uall [19ms]
2023-12-12 17:35:46.060 [info] > git config --get commit.template [21ms]
2023-12-12 17:35:46.061 [info] > git for-each-ref --format=%(refname)%00%(upstream:short)%00%(objectname)%00%(upstream:track)%00%(upstream:remotename)%00%(upstream:remoteref) refs/heads/master refs/remotes/master [2ms]
2023-12-12 17:35:46.100 [info] > git status -z -uall [19ms]
2023-12-12 17:35:51.185 [info] > git config --get commit.template [23ms]
2023-12-12 17:35:51.186 [info] > git for-each-ref --format=%(refname)%00%(upstream:short)%00%(objectname)%00%(upstream:track)%00%(upstream:remotename)%00%(upstream:remoteref) refs/heads/master refs/remotes/master [4ms]
2023-12-12 17:35:51.225 [info] > git status -z -uall [18ms]
2023-12-12 17:35:56.311 [info] > git config --get commit.template [22ms]
2023-12-12 17:35:56.312 [info] > git for-each-ref --format=%(refname)%00%(upstream:short)%00%(objectname)%00%(upstream:track)%00%(upstream:remotename)%00%(upstream:remoteref) refs/heads/master refs/remotes/master [4ms]
2023-12-12 17:35:56.351 [info] > git status -z -uall [19ms]
2023-12-12 17:36:01.435 [info] > git config --get commit.template [21ms]
2023-12-12 17:36:01.436 [info] > git for-each-ref --format=%(refname)%00%(upstream:short)%00%(objectname)%00%(upstream:track)%00%(upstream:remotename)%00%(upstream:remoteref) refs/heads/master refs/remotes/master [3ms]
2023-12-12 17:36:01.475 [info] > git status -z -uall [19ms]
2023-12-12 17:36:06.559 [info] > git config --get commit.template [22ms]
2023-12-12 17:36:06.560 [info] > git for-each-ref --format=%(refname)%00%(upstream:short)%00%(objectname)%00%(upstream:track)%00%(upstream:remotename)%00%(upstream:remoteref) refs/heads/master refs/remotes/master [3ms]
2023-12-12 17:36:06.598 [info] > git status -z -uall [18ms]
2023-12-12 17:36:11.682 [info] > git config --get commit.template [24ms]
2023-12-12 17:36:11.683 [info] > git for-each-ref --format=%(refname)%00%(upstream:short)%00%(objectname)%00%(upstream:track)%00%(upstream:remotename)%00%(upstream:remoteref) refs/heads/master refs/remotes/master [3ms]
2023-12-12 17:36:11.724 [info] > git status -z -uall [18ms]
2023-12-12 17:36:16.807 [info] > git config --get commit.template [21ms]
2023-12-12 17:36:16.808 [info] > git for-each-ref --format=%(refname)%00%(upstream:short)%00%(objectname)%00%(upstream:track)%00%(upstream:remotename)%00%(upstream:remoteref) refs/heads/master refs/remotes/master [3ms]
2023-12-12 17:36:16.847 [info] > git status -z -uall [19ms]
2023-12-12 17:36:21.931 [info] > git config --get commit.template [20ms]
2023-12-12 17:36:21.931 [info] > git for-each-ref --format=%(refname)%00%(upstream:short)%00%(objectname)%00%(upstream:track)%00%(upstream:remotename)%00%(upstream:remoteref) refs/heads/master refs/remotes/master [2ms]
2023-12-12 17:36:21.969 [info] > git status -z -uall [19ms]
2023-12-12 17:36:27.053 [info] > git config --get commit.template [20ms]
2023-12-12 17:36:27.054 [info] > git for-each-ref --format=%(refname)%00%(upstream:short)%00%(objectname)%00%(upstream:track)%00%(upstream:remotename)%00%(upstream:remoteref) refs/heads/master refs/remotes/master [2ms]
2023-12-12 17:36:27.091 [info] > git status -z -uall [19ms]
2023-12-12 17:36:32.176 [info] > git config --get commit.template [21ms]
2023-12-12 17:36:32.176 [info] > git for-each-ref --format=%(refname)%00%(upstream:short)%00%(objectname)%00%(upstream:track)%00%(upstream:remotename)%00%(upstream:remoteref) refs/heads/master refs/remotes/master [3ms]
2023-12-12 17:36:32.214 [info] > git status -z -uall [19ms]
2023-12-12 17:36:37.296 [info] > git config --get commit.template [20ms]
2023-12-12 17:36:37.297 [info] > git for-each-ref --format=%(refname)%00%(upstream:short)%00%(objectname)%00%(upstream:track)%00%(upstream:remotename)%00%(upstream:remoteref) refs/heads/master refs/remotes/master [2ms]
2023-12-12 17:36:37.335 [info] > git status -z -uall [19ms]
2023-12-12 17:36:42.419 [info] > git config --get commit.template [20ms]
2023-12-12 17:36:42.419 [info] > git for-each-ref --format=%(refname)%00%(upstream:short)%00%(objectname)%00%(upstream:track)%00%(upstream:remotename)%00%(upstream:remoteref) refs/heads/master refs/remotes/master [2ms]
2023-12-12 17:36:42.457 [info] > git status -z -uall [19ms]
2023-12-12 17:36:47.545 [info] > git config --get commit.template [22ms]
2023-12-12 17:36:47.545 [info] > git for-each-ref --format=%(refname)%00%(upstream:short)%00%(objectname)%00%(upstream:track)%00%(upstream:remotename)%00%(upstream:remoteref) refs/heads/master refs/remotes/master [3ms]
2023-12-12 17:36:47.583 [info] > git status -z -uall [18ms]
2023-12-12 17:36:52.664 [info] > git config --get commit.template [19ms]
2023-12-12 17:36:52.665 [info] > git for-each-ref --format=%(refname)%00%(upstream:short)%00%(objectname)%00%(upstream:track)%00%(upstream:remotename)%00%(upstream:remoteref) refs/heads/master refs/remotes/master [2ms]
2023-12-12 17:36:52.702 [info] > git status -z -uall [19ms]
2023-12-12 17:36:57.790 [info] > git config --get commit.template [20ms]
2023-12-12 17:36:57.791 [info] > git for-each-ref --format=%(refname)%00%(upstream:short)%00%(objectname)%00%(upstream:track)%00%(upstream:remotename)%00%(upstream:remoteref) refs/heads/master refs/remotes/master [2ms]
2023-12-12 17:36:57.829 [info] > git status -z -uall [19ms]
2023-12-12 17:37:02.913 [info] > git config --get commit.template [20ms]
2023-12-12 17:37:02.914 [info] > git for-each-ref --format=%(refname)%00%(upstream:short)%00%(objectname)%00%(upstream:track)%00%(upstream:remotename)%00%(upstream:remoteref) refs/heads/master refs/remotes/master [2ms]
2023-12-12 17:37:02.953 [info] > git status -z -uall [19ms]
2023-12-12 17:37:08.035 [info] > git config --get commit.template [20ms]
2023-12-12 17:37:08.035 [info] > git for-each-ref --format=%(refname)%00%(upstream:short)%00%(objectname)%00%(upstream:track)%00%(upstream:remotename)%00%(upstream:remoteref) refs/heads/master refs/remotes/master [2ms]
2023-12-12 17:37:08.073 [info] > git status -z -uall [19ms]
2023-12-12 17:37:13.154 [info] > git config --get commit.template [20ms]
2023-12-12 17:37:13.155 [info] > git for-each-ref --format=%(refname)%00%(upstream:short)%00%(objectname)%00%(upstream:track)%00%(upstream:remotename)%00%(upstream:remoteref) refs/heads/master refs/remotes/master [3ms]
2023-12-12 17:37:13.193 [info] > git status -z -uall [19ms]
2023-12-12 17:37:18.276 [info] > git config --get commit.template [21ms]
2023-12-12 17:37:18.277 [info] > git for-each-ref --format=%(refname)%00%(upstream:short)%00%(objectname)%00%(upstream:track)%00%(upstream:remotename)%00%(upstream:remoteref) refs/heads/master refs/remotes/master [3ms]
2023-12-12 17:37:18.315 [info] > git status -z -uall [19ms]
2023-12-12 17:37:23.401 [info] > git config --get commit.template [21ms]
2023-12-12 17:37:23.402 [info] > git for-each-ref --format=%(refname)%00%(upstream:short)%00%(objectname)%00%(upstream:track)%00%(upstream:remotename)%00%(upstream:remoteref) refs/heads/master refs/remotes/master [3ms]
2023-12-12 17:37:23.440 [info] > git status -z -uall [19ms]
2023-12-12 17:37:28.526 [info] > git config --get commit.template [22ms]
2023-12-12 17:37:28.527 [info] > git for-each-ref --format=%(refname)%00%(upstream:short)%00%(objectname)%00%(upstream:track)%00%(upstream:remotename)%00%(upstream:remoteref) refs/heads/master refs/remotes/master [3ms]
2023-12-12 17:37:28.565 [info] > git status -z -uall [19ms]
2023-12-12 17:37:33.647 [info] > git config --get commit.template [21ms]
2023-12-12 17:37:33.648 [info] > git for-each-ref --format=%(refname)%00%(upstream:short)%00%(objectname)%00%(upstream:track)%00%(upstream:remotename)%00%(upstream:remoteref) refs/heads/master refs/remotes/master [3ms]
2023-12-12 17:37:33.687 [info] > git status -z -uall [20ms]
2023-12-12 17:37:38.768 [info] > git config --get commit.template [20ms]
2023-12-12 17:37:38.769 [info] > git for-each-ref --format=%(refname)%00%(upstream:short)%00%(objectname)%00%(upstream:track)%00%(upstream:remotename)%00%(upstream:remoteref) refs/heads/master refs/remotes/master [3ms]
2023-12-12 17:37:38.806 [info] > git status -z -uall [18ms]
2023-12-12 17:37:43.890 [info] > git config --get commit.template [21ms]
2023-12-12 17:37:43.891 [info] > git for-each-ref --format=%(refname)%00%(upstream:short)%00%(objectname)%00%(upstream:track)%00%(upstream:remotename)%00%(upstream:remoteref) refs/heads/master refs/remotes/master [3ms]
2023-12-12 17:37:43.929 [info] > git status -z -uall [19ms]
2023-12-12 17:37:49.016 [info] > git config --get commit.template [23ms]
2023-12-12 17:37:49.017 [info] > git for-each-ref --format=%(refname)%00%(upstream:short)%00%(objectname)%00%(upstream:track)%00%(upstream:remotename)%00%(upstream:remoteref) refs/heads/master refs/remotes/master [2ms]
2023-12-12 17:37:49.055 [info] > git status -z -uall [19ms]
2023-12-12 17:37:54.121 [info] > git config --get commit.template [2ms]
2023-12-12 17:37:54.142 [info] > git for-each-ref --format=%(refname)%00%(upstream:short)%00%(objectname)%00%(upstream:track)%00%(upstream:remotename)%00%(upstream:remoteref) refs/heads/master refs/remotes/master [2ms]
2023-12-12 17:37:54.182 [info] > git status -z -uall [19ms]
2023-12-12 17:37:59.270 [info] > git config --get commit.template [20ms]
2023-12-12 17:37:59.270 [info] > git for-each-ref --format=%(refname)%00%(upstream:short)%00%(objectname)%00%(upstream:track)%00%(upstream:remotename)%00%(upstream:remoteref) refs/heads/master refs/remotes/master [3ms]
2023-12-12 17:37:59.308 [info] > git status -z -uall [19ms]
2023-12-12 17:38:04.388 [info] > git config --get commit.template [20ms]
2023-12-12 17:38:04.389 [info] > git for-each-ref --format=%(refname)%00%(upstream:short)%00%(objectname)%00%(upstream:track)%00%(upstream:remotename)%00%(upstream:remoteref) refs/heads/master refs/remotes/master [3ms]
2023-12-12 17:38:04.426 [info] > git status -z -uall [19ms]
2023-12-12 17:38:09.507 [info] > git config --get commit.template [20ms]
2023-12-12 17:38:09.508 [info] > git for-each-ref --format=%(refname)%00%(upstream:short)%00%(objectname)%00%(upstream:track)%00%(upstream:remotename)%00%(upstream:remoteref) refs/heads/master refs/remotes/master [2ms]
2023-12-12 17:38:09.546 [info] > git status -z -uall [19ms]
2023-12-12 17:38:14.627 [info] > git config --get commit.template [20ms]
2023-12-12 17:38:14.629 [info] > git for-each-ref --format=%(refname)%00%(upstream:short)%00%(objectname)%00%(upstream:track)%00%(upstream:remotename)%00%(upstream:remoteref) refs/heads/master refs/remotes/master [3ms]
2023-12-12 17:38:14.666 [info] > git status -z -uall [18ms]
2023-12-12 17:38:19.746 [info] > git config --get commit.template [21ms]
2023-12-12 17:38:19.747 [info] > git for-each-ref --format=%(refname)%00%(upstream:short)%00%(objectname)%00%(upstream:track)%00%(upstream:remotename)%00%(upstream:remoteref) refs/heads/master refs/remotes/master [3ms]
2023-12-12 17:38:19.785 [info] > git status -z -uall [19ms]
2023-12-12 17:38:24.868 [info] > git config --get commit.template [20ms]
2023-12-12 17:38:24.869 [info] > git for-each-ref --format=%(refname)%00%(upstream:short)%00%(objectname)%00%(upstream:track)%00%(upstream:remotename)%00%(upstream:remoteref) refs/heads/master refs/remotes/master [2ms]
2023-12-12 17:38:24.907 [info] > git status -z -uall [19ms]
2023-12-12 17:38:29.988 [info] > git config --get commit.template [20ms]
2023-12-12 17:38:29.989 [info] > git for-each-ref --format=%(refname)%00%(upstream:short)%00%(objectname)%00%(upstream:track)%00%(upstream:remotename)%00%(upstream:remoteref) refs/heads/master refs/remotes/master [3ms]
2023-12-12 17:38:30.027 [info] > git status -z -uall [19ms]
2023-12-12 17:38:35.120 [info] > git config --get commit.template [20ms]
2023-12-12 17:38:35.121 [info] > git for-each-ref --format=%(refname)%00%(upstream:short)%00%(objectname)%00%(upstream:track)%00%(upstream:remotename)%00%(upstream:remoteref) refs/heads/master refs/remotes/master [3ms]
2023-12-12 17:38:35.159 [info] > git status -z -uall [19ms]
2023-12-12 17:38:40.242 [info] > git config --get commit.template [23ms]
2023-12-12 17:38:40.243 [info] > git for-each-ref --format=%(refname)%00%(upstream:short)%00%(objectname)%00%(upstream:track)%00%(upstream:remotename)%00%(upstream:remoteref) refs/heads/master refs/remotes/master [2ms]
2023-12-12 17:38:40.282 [info] > git status -z -uall [18ms]
2023-12-12 17:38:45.366 [info] > git config --get commit.template [20ms]
2023-12-12 17:38:45.366 [info] > git for-each-ref --format=%(refname)%00%(upstream:short)%00%(objectname)%00%(upstream:track)%00%(upstream:remotename)%00%(upstream:remoteref) refs/heads/master refs/remotes/master [2ms]
2023-12-12 17:38:45.405 [info] > git status -z -uall [20ms]
2023-12-12 17:38:50.488 [info] > git config --get commit.template [20ms]
2023-12-12 17:38:50.489 [info] > git for-each-ref --format=%(refname)%00%(upstream:short)%00%(objectname)%00%(upstream:track)%00%(upstream:remotename)%00%(upstream:remoteref) refs/heads/master refs/remotes/master [3ms]
2023-12-12 17:38:50.527 [info] > git status -z -uall [19ms]
2023-12-12 17:38:55.608 [info] > git config --get commit.template [20ms]
2023-12-12 17:38:55.609 [info] > git for-each-ref --format=%(refname)%00%(upstream:short)%00%(objectname)%00%(upstream:track)%00%(upstream:remotename)%00%(upstream:remoteref) refs/heads/master refs/remotes/master [2ms]
2023-12-12 17:38:55.647 [info] > git status -z -uall [19ms]
2023-12-12 17:39:00.726 [info] > git config --get commit.template [21ms]
2023-12-12 17:39:00.727 [info] > git for-each-ref --format=%(refname)%00%(upstream:short)%00%(objectname)%00%(upstream:track)%00%(upstream:remotename)%00%(upstream:remoteref) refs/heads/master refs/remotes/master [3ms]
2023-12-12 17:39:00.764 [info] > git status -z -uall [18ms]
2023-12-12 17:39:05.849 [info] > git config --get commit.template [22ms]
2023-12-12 17:39:05.850 [info] > git for-each-ref --format=%(refname)%00%(upstream:short)%00%(objectname)%00%(upstream:track)%00%(upstream:remotename)%00%(upstream:remoteref) refs/heads/master refs/remotes/master [2ms]
2023-12-12 17:39:05.891 [info] > git status -z -uall [19ms]
2023-12-12 17:39:10.975 [info] > git config --get commit.template [21ms]
2023-12-12 17:39:10.976 [info] > git for-each-ref --format=%(refname)%00%(upstream:short)%00%(objectname)%00%(upstream:track)%00%(upstream:remotename)%00%(upstream:remoteref) refs/heads/master refs/remotes/master [3ms]
2023-12-12 17:39:11.014 [info] > git status -z -uall [19ms]
2023-12-12 17:39:16.101 [info] > git config --get commit.template [23ms]
2023-12-12 17:39:16.102 [info] > git for-each-ref --format=%(refname)%00%(upstream:short)%00%(objectname)%00%(upstream:track)%00%(upstream:remotename)%00%(upstream:remoteref) refs/heads/master refs/remotes/master [3ms]
2023-12-12 17:39:16.139 [info] > git status -z -uall [18ms]
2023-12-12 17:39:21.219 [info] > git config --get commit.template [21ms]
2023-12-12 17:39:21.220 [info] > git for-each-ref --format=%(refname)%00%(upstream:short)%00%(objectname)%00%(upstream:track)%00%(upstream:remotename)%00%(upstream:remoteref) refs/heads/master refs/remotes/master [3ms]
2023-12-12 17:39:21.257 [info] > git status -z -uall [18ms]
2023-12-12 17:39:26.340 [info] > git config --get commit.template [20ms]
2023-12-12 17:39:26.341 [info] > git for-each-ref --format=%(refname)%00%(upstream:short)%00%(objectname)%00%(upstream:track)%00%(upstream:remotename)%00%(upstream:remoteref) refs/heads/master refs/remotes/master [3ms]
2023-12-12 17:39:26.379 [info] > git status -z -uall [19ms]
2023-12-12 17:39:31.462 [info] > git config --get commit.template [21ms]
2023-12-12 17:39:31.463 [info] > git for-each-ref --format=%(refname)%00%(upstream:short)%00%(objectname)%00%(upstream:track)%00%(upstream:remotename)%00%(upstream:remoteref) refs/heads/master refs/remotes/master [2ms]
2023-12-12 17:39:31.503 [info] > git status -z -uall [19ms]
2023-12-12 17:39:36.585 [info] > git config --get commit.template [20ms]
2023-12-12 17:39:36.586 [info] > git for-each-ref --format=%(refname)%00%(upstream:short)%00%(objectname)%00%(upstream:track)%00%(upstream:remotename)%00%(upstream:remoteref) refs/heads/master refs/remotes/master [2ms]
2023-12-12 17:39:36.624 [info] > git status -z -uall [19ms]
2023-12-12 17:39:41.706 [info] > git config --get commit.template [20ms]
2023-12-12 17:39:41.707 [info] > git for-each-ref --format=%(refname)%00%(upstream:short)%00%(objectname)%00%(upstream:track)%00%(upstream:remotename)%00%(upstream:remoteref) refs/heads/master refs/remotes/master [3ms]
2023-12-12 17:39:41.744 [info] > git status -z -uall [18ms]
2023-12-12 17:39:46.825 [info] > git config --get commit.template [20ms]
2023-12-12 17:39:46.826 [info] > git for-each-ref --format=%(refname)%00%(upstream:short)%00%(objectname)%00%(upstream:track)%00%(upstream:remotename)%00%(upstream:remoteref) refs/heads/master refs/remotes/master [3ms]
2023-12-12 17:39:46.863 [info] > git status -z -uall [18ms]
2023-12-12 17:39:51.946 [info] > git config --get commit.template [21ms]
2023-12-12 17:39:51.947 [info] > git for-each-ref --format=%(refname)%00%(upstream:short)%00%(objectname)%00%(upstream:track)%00%(upstream:remotename)%00%(upstream:remoteref) refs/heads/master refs/remotes/master [3ms]
2023-12-12 17:39:51.986 [info] > git status -z -uall [19ms]
2023-12-12 17:39:57.071 [info] > git config --get commit.template [21ms]
2023-12-12 17:39:57.072 [info] > git for-each-ref --format=%(refname)%00%(upstream:short)%00%(objectname)%00%(upstream:track)%00%(upstream:remotename)%00%(upstream:remoteref) refs/heads/master refs/remotes/master [3ms]
2023-12-12 17:39:57.111 [info] > git status -z -uall [19ms]
2023-12-12 17:40:02.192 [info] > git config --get commit.template [20ms]
2023-12-12 17:40:02.192 [info] > git for-each-ref --format=%(refname)%00%(upstream:short)%00%(objectname)%00%(upstream:track)%00%(upstream:remotename)%00%(upstream:remoteref) refs/heads/master refs/remotes/master [3ms]
2023-12-12 17:40:02.230 [info] > git status -z -uall [19ms]
2023-12-12 17:40:07.312 [info] > git config --get commit.template [20ms]
2023-12-12 17:40:07.313 [info] > git for-each-ref --format=%(refname)%00%(upstream:short)%00%(objectname)%00%(upstream:track)%00%(upstream:remotename)%00%(upstream:remoteref) refs/heads/master refs/remotes/master [3ms]
2023-12-12 17:40:07.350 [info] > git status -z -uall [18ms]
2023-12-12 17:40:12.434 [info] > git config --get commit.template [22ms]
2023-12-12 17:40:12.435 [info] > git for-each-ref --format=%(refname)%00%(upstream:short)%00%(objectname)%00%(upstream:track)%00%(upstream:remotename)%00%(upstream:remoteref) refs/heads/master refs/remotes/master [3ms]
2023-12-12 17:40:12.473 [info] > git status -z -uall [18ms]
2023-12-12 17:40:17.554 [info] > git config --get commit.template [20ms]
2023-12-12 17:40:17.555 [info] > git for-each-ref --format=%(refname)%00%(upstream:short)%00%(objectname)%00%(upstream:track)%00%(upstream:remotename)%00%(upstream:remoteref) refs/heads/master refs/remotes/master [2ms]
2023-12-12 17:40:17.592 [info] > git status -z -uall [19ms]
2023-12-12 17:40:22.674 [info] > git config --get commit.template [21ms]
2023-12-12 17:40:22.674 [info] > git for-each-ref --format=%(refname)%00%(upstream:short)%00%(objectname)%00%(upstream:track)%00%(upstream:remotename)%00%(upstream:remoteref) refs/heads/master refs/remotes/master [3ms]
2023-12-12 17:40:22.713 [info] > git status -z -uall [18ms]
2023-12-12 17:40:27.801 [info] > git config --get commit.template [21ms]
2023-12-12 17:40:27.801 [info] > git for-each-ref --format=%(refname)%00%(upstream:short)%00%(objectname)%00%(upstream:track)%00%(upstream:remotename)%00%(upstream:remoteref) refs/heads/master refs/remotes/master [3ms]
2023-12-12 17:40:27.840 [info] > git status -z -uall [19ms]
2023-12-12 17:40:32.924 [info] > git config --get commit.template [20ms]
2023-12-12 17:40:32.925 [info] > git for-each-ref --format=%(refname)%00%(upstream:short)%00%(objectname)%00%(upstream:track)%00%(upstream:remotename)%00%(upstream:remoteref) refs/heads/master refs/remotes/master [3ms]
2023-12-12 17:40:32.963 [info] > git status -z -uall [19ms]
2023-12-12 17:40:38.046 [info] > git config --get commit.template [21ms]
2023-12-12 17:40:38.047 [info] > git for-each-ref --format=%(refname)%00%(upstream:short)%00%(objectname)%00%(upstream:track)%00%(upstream:remotename)%00%(upstream:remoteref) refs/heads/master refs/remotes/master [3ms]
2023-12-12 17:40:38.085 [info] > git status -z -uall [18ms]
2023-12-12 17:40:43.173 [info] > git config --get commit.template [23ms]
2023-12-12 17:40:43.174 [info] > git for-each-ref --format=%(refname)%00%(upstream:short)%00%(objectname)%00%(upstream:track)%00%(upstream:remotename)%00%(upstream:remoteref) refs/heads/master refs/remotes/master [2ms]
2023-12-12 17:40:43.213 [info] > git status -z -uall [19ms]
2023-12-12 17:40:48.298 [info] > git config --get commit.template [21ms]
2023-12-12 17:40:48.299 [info] > git for-each-ref --format=%(refname)%00%(upstream:short)%00%(objectname)%00%(upstream:track)%00%(upstream:remotename)%00%(upstream:remoteref) refs/heads/master refs/remotes/master [2ms]
2023-12-12 17:40:48.338 [info] > git status -z -uall [19ms]
2023-12-12 17:40:53.422 [info] > git config --get commit.template [20ms]
2023-12-12 17:40:53.423 [info] > git for-each-ref --format=%(refname)%00%(upstream:short)%00%(objectname)%00%(upstream:track)%00%(upstream:remotename)%00%(upstream:remoteref) refs/heads/master refs/remotes/master [2ms]
2023-12-12 17:40:53.460 [info] > git status -z -uall [19ms]
2023-12-12 17:40:58.543 [info] > git config --get commit.template [21ms]
2023-12-12 17:40:58.544 [info] > git for-each-ref --format=%(refname)%00%(upstream:short)%00%(objectname)%00%(upstream:track)%00%(upstream:remotename)%00%(upstream:remoteref) refs/heads/master refs/remotes/master [3ms]
2023-12-12 17:40:58.582 [info] > git status -z -uall [19ms]
2023-12-12 17:41:03.663 [info] > git config --get commit.template [21ms]
2023-12-12 17:41:03.664 [info] > git for-each-ref --format=%(refname)%00%(upstream:short)%00%(objectname)%00%(upstream:track)%00%(upstream:remotename)%00%(upstream:remoteref) refs/heads/master refs/remotes/master [3ms]
2023-12-12 17:41:03.702 [info] > git status -z -uall [19ms]
2023-12-12 17:41:08.783 [info] > git config --get commit.template [20ms]
2023-12-12 17:41:08.785 [info] > git for-each-ref --format=%(refname)%00%(upstream:short)%00%(objectname)%00%(upstream:track)%00%(upstream:remotename)%00%(upstream:remoteref) refs/heads/master refs/remotes/master [2ms]
2023-12-12 17:41:08.822 [info] > git status -z -uall [18ms]
2023-12-12 17:41:13.906 [info] > git config --get commit.template [21ms]
2023-12-12 17:41:13.906 [info] > git for-each-ref --format=%(refname)%00%(upstream:short)%00%(objectname)%00%(upstream:track)%00%(upstream:remotename)%00%(upstream:remoteref) refs/heads/master refs/remotes/master [3ms]
2023-12-12 17:41:13.944 [info] > git status -z -uall [18ms]
2023-12-12 17:41:19.027 [info] > git config --get commit.template [21ms]
2023-12-12 17:41:19.028 [info] > git for-each-ref --format=%(refname)%00%(upstream:short)%00%(objectname)%00%(upstream:track)%00%(upstream:remotename)%00%(upstream:remoteref) refs/heads/master refs/remotes/master [2ms]
2023-12-12 17:41:19.067 [info] > git status -z -uall [19ms]
2023-12-12 17:41:24.147 [info] > git config --get commit.template [20ms]
2023-12-12 17:41:24.148 [info] > git for-each-ref --format=%(refname)%00%(upstream:short)%00%(objectname)%00%(upstream:track)%00%(upstream:remotename)%00%(upstream:remoteref) refs/heads/master refs/remotes/master [3ms]
2023-12-12 17:41:24.186 [info] > git status -z -uall [18ms]
2023-12-12 17:41:29.269 [info] > git config --get commit.template [20ms]
2023-12-12 17:41:29.270 [info] > git for-each-ref --format=%(refname)%00%(upstream:short)%00%(objectname)%00%(upstream:track)%00%(upstream:remotename)%00%(upstream:remoteref) refs/heads/master refs/remotes/master [3ms]
2023-12-12 17:41:29.308 [info] > git status -z -uall [19ms]
2023-12-12 17:41:34.391 [info] > git config --get commit.template [21ms]
2023-12-12 17:41:34.392 [info] > git for-each-ref --format=%(refname)%00%(upstream:short)%00%(objectname)%00%(upstream:track)%00%(upstream:remotename)%00%(upstream:remoteref) refs/heads/master refs/remotes/master [3ms]
2023-12-12 17:41:34.429 [info] > git status -z -uall [18ms]
2023-12-12 17:41:39.511 [info] > git config --get commit.template [19ms]
2023-12-12 17:41:39.512 [info] > git for-each-ref --format=%(refname)%00%(upstream:short)%00%(objectname)%00%(upstream:track)%00%(upstream:remotename)%00%(upstream:remoteref) refs/heads/master refs/remotes/master [3ms]
2023-12-12 17:41:39.549 [info] > git status -z -uall [18ms]
2023-12-12 17:41:44.631 [info] > git config --get commit.template [19ms]
2023-12-12 17:41:44.632 [info] > git for-each-ref --format=%(refname)%00%(upstream:short)%00%(objectname)%00%(upstream:track)%00%(upstream:remotename)%00%(upstream:remoteref) refs/heads/master refs/remotes/master [3ms]
2023-12-12 17:41:44.669 [info] > git status -z -uall [19ms]
2023-12-12 17:41:49.749 [info] > git config --get commit.template [20ms]
2023-12-12 17:41:49.750 [info] > git for-each-ref --format=%(refname)%00%(upstream:short)%00%(objectname)%00%(upstream:track)%00%(upstream:remotename)%00%(upstream:remoteref) refs/heads/master refs/remotes/master [2ms]
2023-12-12 17:41:49.788 [info] > git status -z -uall [18ms]
2023-12-12 17:41:54.868 [info] > git config --get commit.template [20ms]
2023-12-12 17:41:54.868 [info] > git for-each-ref --format=%(refname)%00%(upstream:short)%00%(objectname)%00%(upstream:track)%00%(upstream:remotename)%00%(upstream:remoteref) refs/heads/master refs/remotes/master [3ms]
2023-12-12 17:41:54.905 [info] > git status -z -uall [18ms]
2023-12-12 17:41:59.985 [info] > git config --get commit.template [20ms]
2023-12-12 17:41:59.986 [info] > git for-each-ref --format=%(refname)%00%(upstream:short)%00%(objectname)%00%(upstream:track)%00%(upstream:remotename)%00%(upstream:remoteref) refs/heads/master refs/remotes/master [2ms]
2023-12-12 17:42:00.024 [info] > git status -z -uall [19ms]
2023-12-12 17:42:05.104 [info] > git config --get commit.template [20ms]
2023-12-12 17:42:05.105 [info] > git for-each-ref --format=%(refname)%00%(upstream:short)%00%(objectname)%00%(upstream:track)%00%(upstream:remotename)%00%(upstream:remoteref) refs/heads/master refs/remotes/master [2ms]
2023-12-12 17:42:05.143 [info] > git status -z -uall [18ms]
2023-12-12 17:42:10.224 [info] > git config --get commit.template [20ms]
2023-12-12 17:42:10.225 [info] > git for-each-ref --format=%(refname)%00%(upstream:short)%00%(objectname)%00%(upstream:track)%00%(upstream:remotename)%00%(upstream:remoteref) refs/heads/master refs/remotes/master [3ms]
2023-12-12 17:42:10.262 [info] > git status -z -uall [18ms]
2023-12-12 17:42:15.342 [info] > git config --get commit.template [20ms]
2023-12-12 17:42:15.343 [info] > git for-each-ref --format=%(refname)%00%(upstream:short)%00%(objectname)%00%(upstream:track)%00%(upstream:remotename)%00%(upstream:remoteref) refs/heads/master refs/remotes/master [3ms]
2023-12-12 17:42:15.380 [info] > git status -z -uall [18ms]
2023-12-12 17:42:20.462 [info] > git config --get commit.template [20ms]
2023-12-12 17:42:20.463 [info] > git for-each-ref --format=%(refname)%00%(upstream:short)%00%(objectname)%00%(upstream:track)%00%(upstream:remotename)%00%(upstream:remoteref) refs/heads/master refs/remotes/master [3ms]
2023-12-12 17:42:20.501 [info] > git status -z -uall [19ms]
2023-12-12 17:42:25.582 [info] > git config --get commit.template [20ms]
2023-12-12 17:42:25.583 [info] > git for-each-ref --format=%(refname)%00%(upstream:short)%00%(objectname)%00%(upstream:track)%00%(upstream:remotename)%00%(upstream:remoteref) refs/heads/master refs/remotes/master [3ms]
2023-12-12 17:42:25.621 [info] > git status -z -uall [19ms]
2023-12-12 17:42:30.702 [info] > git config --get commit.template [20ms]
2023-12-12 17:42:30.702 [info] > git for-each-ref --format=%(refname)%00%(upstream:short)%00%(objectname)%00%(upstream:track)%00%(upstream:remotename)%00%(upstream:remoteref) refs/heads/master refs/remotes/master [2ms]
2023-12-12 17:42:30.740 [info] > git status -z -uall [19ms]
2023-12-12 17:42:35.824 [info] > git config --get commit.template [21ms]
2023-12-12 17:42:35.824 [info] > git for-each-ref --format=%(refname)%00%(upstream:short)%00%(objectname)%00%(upstream:track)%00%(upstream:remotename)%00%(upstream:remoteref) refs/heads/master refs/remotes/master [3ms]
2023-12-12 17:42:35.863 [info] > git status -z -uall [18ms]
2023-12-12 17:42:40.946 [info] > git config --get commit.template [21ms]
2023-12-12 17:42:40.947 [info] > git for-each-ref --format=%(refname)%00%(upstream:short)%00%(objectname)%00%(upstream:track)%00%(upstream:remotename)%00%(upstream:remoteref) refs/heads/master refs/remotes/master [2ms]
2023-12-12 17:42:40.985 [info] > git status -z -uall [19ms]
2023-12-12 17:42:46.067 [info] > git config --get commit.template [20ms]
2023-12-12 17:42:46.068 [info] > git for-each-ref --format=%(refname)%00%(upstream:short)%00%(objectname)%00%(upstream:track)%00%(upstream:remotename)%00%(upstream:remoteref) refs/heads/master refs/remotes/master [3ms]
2023-12-12 17:42:46.106 [info] > git status -z -uall [19ms]
2023-12-12 17:42:51.192 [info] > git config --get commit.template [22ms]
2023-12-12 17:42:51.193 [info] > git for-each-ref --format=%(refname)%00%(upstream:short)%00%(objectname)%00%(upstream:track)%00%(upstream:remotename)%00%(upstream:remoteref) refs/heads/master refs/remotes/master [2ms]
2023-12-12 17:42:51.230 [info] > git status -z -uall [19ms]
2023-12-12 17:42:56.312 [info] > git config --get commit.template [20ms]
2023-12-12 17:42:56.313 [info] > git for-each-ref --format=%(refname)%00%(upstream:short)%00%(objectname)%00%(upstream:track)%00%(upstream:remotename)%00%(upstream:remoteref) refs/heads/master refs/remotes/master [3ms]
2023-12-12 17:42:56.350 [info] > git status -z -uall [19ms]
2023-12-12 17:43:01.431 [info] > git config --get commit.template [20ms]
2023-12-12 17:43:01.432 [info] > git for-each-ref --format=%(refname)%00%(upstream:short)%00%(objectname)%00%(upstream:track)%00%(upstream:remotename)%00%(upstream:remoteref) refs/heads/master refs/remotes/master [2ms]
2023-12-12 17:43:01.470 [info] > git status -z -uall [19ms]
2023-12-12 17:43:06.549 [info] > git config --get commit.template [20ms]
2023-12-12 17:43:06.550 [info] > git for-each-ref --format=%(refname)%00%(upstream:short)%00%(objectname)%00%(upstream:track)%00%(upstream:remotename)%00%(upstream:remoteref) refs/heads/master refs/remotes/master [3ms]
2023-12-12 17:43:06.587 [info] > git status -z -uall [18ms]
2023-12-12 17:43:11.668 [info] > git config --get commit.template [20ms]
2023-12-12 17:43:11.668 [info] > git for-each-ref --format=%(refname)%00%(upstream:short)%00%(objectname)%00%(upstream:track)%00%(upstream:remotename)%00%(upstream:remoteref) refs/heads/master refs/remotes/master [2ms]
2023-12-12 17:43:11.705 [info] > git status -z -uall [18ms]
2023-12-12 17:43:16.786 [info] > git config --get commit.template [20ms]
2023-12-12 17:43:16.787 [info] > git for-each-ref --format=%(refname)%00%(upstream:short)%00%(objectname)%00%(upstream:track)%00%(upstream:remotename)%00%(upstream:remoteref) refs/heads/master refs/remotes/master [2ms]
2023-12-12 17:43:16.824 [info] > git status -z -uall [19ms]
2023-12-12 17:43:21.904 [info] > git config --get commit.template [20ms]
2023-12-12 17:43:21.905 [info] > git for-each-ref --format=%(refname)%00%(upstream:short)%00%(objectname)%00%(upstream:track)%00%(upstream:remotename)%00%(upstream:remoteref) refs/heads/master refs/remotes/master [3ms]
2023-12-12 17:43:21.942 [info] > git status -z -uall [19ms]
2023-12-12 17:43:27.022 [info] > git config --get commit.template [20ms]
2023-12-12 17:43:27.023 [info] > git for-each-ref --format=%(refname)%00%(upstream:short)%00%(objectname)%00%(upstream:track)%00%(upstream:remotename)%00%(upstream:remoteref) refs/heads/master refs/remotes/master [2ms]
2023-12-12 17:43:27.061 [info] > git status -z -uall [19ms]
2023-12-12 17:43:32.140 [info] > git config --get commit.template [20ms]
2023-12-12 17:43:32.141 [info] > git for-each-ref --format=%(refname)%00%(upstream:short)%00%(objectname)%00%(upstream:track)%00%(upstream:remotename)%00%(upstream:remoteref) refs/heads/master refs/remotes/master [2ms]
2023-12-12 17:43:32.178 [info] > git status -z -uall [19ms]
2023-12-12 17:43:37.258 [info] > git config --get commit.template [20ms]
2023-12-12 17:43:37.259 [info] > git for-each-ref --format=%(refname)%00%(upstream:short)%00%(objectname)%00%(upstream:track)%00%(upstream:remotename)%00%(upstream:remoteref) refs/heads/master refs/remotes/master [2ms]
2023-12-12 17:43:37.297 [info] > git status -z -uall [18ms]
2023-12-12 17:43:42.378 [info] > git config --get commit.template [20ms]
2023-12-12 17:43:42.379 [info] > git for-each-ref --format=%(refname)%00%(upstream:short)%00%(objectname)%00%(upstream:track)%00%(upstream:remotename)%00%(upstream:remoteref) refs/heads/master refs/remotes/master [3ms]
2023-12-12 17:43:42.416 [info] > git status -z -uall [19ms]
2023-12-12 17:43:47.497 [info] > git config --get commit.template [20ms]
2023-12-12 17:43:47.498 [info] > git for-each-ref --format=%(refname)%00%(upstream:short)%00%(objectname)%00%(upstream:track)%00%(upstream:remotename)%00%(upstream:remoteref) refs/heads/master refs/remotes/master [3ms]
2023-12-12 17:43:47.535 [info] > git status -z -uall [18ms]
2023-12-12 17:43:52.624 [info] > git config --get commit.template [21ms]
2023-12-12 17:43:52.624 [info] > git for-each-ref --format=%(refname)%00%(upstream:short)%00%(objectname)%00%(upstream:track)%00%(upstream:remotename)%00%(upstream:remoteref) refs/heads/master refs/remotes/master [3ms]
2023-12-12 17:43:52.661 [info] > git status -z -uall [18ms]
2023-12-12 17:43:57.743 [info] > git config --get commit.template [20ms]
2023-12-12 17:43:57.744 [info] > git for-each-ref --format=%(refname)%00%(upstream:short)%00%(objectname)%00%(upstream:track)%00%(upstream:remotename)%00%(upstream:remoteref) refs/heads/master refs/remotes/master [2ms]
2023-12-12 17:43:57.782 [info] > git status -z -uall [19ms]
2023-12-12 17:44:02.866 [info] > git config --get commit.template [20ms]
2023-12-12 17:44:02.867 [info] > git for-each-ref --format=%(refname)%00%(upstream:short)%00%(objectname)%00%(upstream:track)%00%(upstream:remotename)%00%(upstream:remoteref) refs/heads/master refs/remotes/master [3ms]
2023-12-12 17:44:02.905 [info] > git status -z -uall [19ms]
2023-12-12 17:44:07.995 [info] > git config --get commit.template [20ms]
2023-12-12 17:44:07.996 [info] > git for-each-ref --format=%(refname)%00%(upstream:short)%00%(objectname)%00%(upstream:track)%00%(upstream:remotename)%00%(upstream:remoteref) refs/heads/master refs/remotes/master [2ms]
2023-12-12 17:44:08.034 [info] > git status -z -uall [19ms]
2023-12-12 17:44:13.114 [info] > git config --get commit.template [20ms]
2023-12-12 17:44:13.115 [info] > git for-each-ref --format=%(refname)%00%(upstream:short)%00%(objectname)%00%(upstream:track)%00%(upstream:remotename)%00%(upstream:remoteref) refs/heads/master refs/remotes/master [2ms]
2023-12-12 17:44:13.152 [info] > git status -z -uall [19ms]
2023-12-12 17:44:18.234 [info] > git config --get commit.template [20ms]
2023-12-12 17:44:18.234 [info] > git for-each-ref --format=%(refname)%00%(upstream:short)%00%(objectname)%00%(upstream:track)%00%(upstream:remotename)%00%(upstream:remoteref) refs/heads/master refs/remotes/master [2ms]
2023-12-12 17:44:18.272 [info] > git status -z -uall [19ms]
2023-12-12 17:44:23.352 [info] > git config --get commit.template [20ms]
2023-12-12 17:44:23.353 [info] > git for-each-ref --format=%(refname)%00%(upstream:short)%00%(objectname)%00%(upstream:track)%00%(upstream:remotename)%00%(upstream:remoteref) refs/heads/master refs/remotes/master [3ms]
2023-12-12 17:44:23.390 [info] > git status -z -uall [18ms]
2023-12-12 17:44:28.472 [info] > git config --get commit.template [20ms]
2023-12-12 17:44:28.473 [info] > git for-each-ref --format=%(refname)%00%(upstream:short)%00%(objectname)%00%(upstream:track)%00%(upstream:remotename)%00%(upstream:remoteref) refs/heads/master refs/remotes/master [3ms]
2023-12-12 17:44:28.511 [info] > git status -z -uall [19ms]
2023-12-12 17:44:33.593 [info] > git config --get commit.template [20ms]
2023-12-12 17:44:33.594 [info] > git for-each-ref --format=%(refname)%00%(upstream:short)%00%(objectname)%00%(upstream:track)%00%(upstream:remotename)%00%(upstream:remoteref) refs/heads/master refs/remotes/master [3ms]
2023-12-12 17:44:33.632 [info] > git status -z -uall [18ms]
2023-12-12 17:44:38.713 [info] > git config --get commit.template [19ms]
2023-12-12 17:44:38.714 [info] > git for-each-ref --format=%(refname)%00%(upstream:short)%00%(objectname)%00%(upstream:track)%00%(upstream:remotename)%00%(upstream:remoteref) refs/heads/master refs/remotes/master [3ms]
2023-12-12 17:44:38.751 [info] > git status -z -uall [18ms]
2023-12-12 17:44:43.831 [info] > git config --get commit.template [20ms]
2023-12-12 17:44:43.832 [info] > git for-each-ref --format=%(refname)%00%(upstream:short)%00%(objectname)%00%(upstream:track)%00%(upstream:remotename)%00%(upstream:remoteref) refs/heads/master refs/remotes/master [2ms]
2023-12-12 17:44:43.869 [info] > git status -z -uall [19ms]
2023-12-12 17:44:48.949 [info] > git config --get commit.template [20ms]
2023-12-12 17:44:48.950 [info] > git for-each-ref --format=%(refname)%00%(upstream:short)%00%(objectname)%00%(upstream:track)%00%(upstream:remotename)%00%(upstream:remoteref) refs/heads/master refs/remotes/master [2ms]
2023-12-12 17:44:48.987 [info] > git status -z -uall [18ms]
2023-12-12 17:44:54.069 [info] > git config --get commit.template [20ms]
2023-12-12 17:44:54.069 [info] > git for-each-ref --format=%(refname)%00%(upstream:short)%00%(objectname)%00%(upstream:track)%00%(upstream:remotename)%00%(upstream:remoteref) refs/heads/master refs/remotes/master [2ms]
2023-12-12 17:44:54.107 [info] > git status -z -uall [19ms]
2023-12-12 17:44:59.188 [info] > git config --get commit.template [20ms]
2023-12-12 17:44:59.189 [info] > git for-each-ref --format=%(refname)%00%(upstream:short)%00%(objectname)%00%(upstream:track)%00%(upstream:remotename)%00%(upstream:remoteref) refs/heads/master refs/remotes/master [2ms]
2023-12-12 17:44:59.227 [info] > git status -z -uall [19ms]
2023-12-12 17:45:04.307 [info] > git config --get commit.template [20ms]
2023-12-12 17:45:04.308 [info] > git for-each-ref --format=%(refname)%00%(upstream:short)%00%(objectname)%00%(upstream:track)%00%(upstream:remotename)%00%(upstream:remoteref) refs/heads/master refs/remotes/master [2ms]
2023-12-12 17:45:04.346 [info] > git status -z -uall [19ms]
2023-12-12 17:45:09.427 [info] > git config --get commit.template [20ms]
2023-12-12 17:45:09.428 [info] > git for-each-ref --format=%(refname)%00%(upstream:short)%00%(objectname)%00%(upstream:track)%00%(upstream:remotename)%00%(upstream:remoteref) refs/heads/master refs/remotes/master [2ms]
2023-12-12 17:45:09.465 [info] > git status -z -uall [18ms]
2023-12-12 17:45:14.546 [info] > git config --get commit.template [21ms]
2023-12-12 17:45:14.547 [info] > git for-each-ref --format=%(refname)%00%(upstream:short)%00%(objectname)%00%(upstream:track)%00%(upstream:remotename)%00%(upstream:remoteref) refs/heads/master refs/remotes/master [3ms]
2023-12-12 17:45:14.584 [info] > git status -z -uall [18ms]
2023-12-12 17:45:19.670 [info] > git config --get commit.template [21ms]
2023-12-12 17:45:19.671 [info] > git for-each-ref --format=%(refname)%00%(upstream:short)%00%(objectname)%00%(upstream:track)%00%(upstream:remotename)%00%(upstream:remoteref) refs/heads/master refs/remotes/master [3ms]
2023-12-12 17:45:19.709 [info] > git status -z -uall [19ms]
2023-12-12 17:45:24.790 [info] > git config --get commit.template [20ms]
2023-12-12 17:45:24.791 [info] > git for-each-ref --format=%(refname)%00%(upstream:short)%00%(objectname)%00%(upstream:track)%00%(upstream:remotename)%00%(upstream:remoteref) refs/heads/master refs/remotes/master [3ms]
2023-12-12 17:45:24.828 [info] > git status -z -uall [19ms]
2023-12-12 17:45:29.907 [info] > git config --get commit.template [20ms]
2023-12-12 17:45:29.909 [info] > git for-each-ref --format=%(refname)%00%(upstream:short)%00%(objectname)%00%(upstream:track)%00%(upstream:remotename)%00%(upstream:remoteref) refs/heads/master refs/remotes/master [2ms]
2023-12-12 17:45:29.946 [info] > git status -z -uall [19ms]
2023-12-12 17:49:55.419 [info] > git config --get commit.template [17ms]
2023-12-12 17:49:55.419 [info] > git for-each-ref --format=%(refname)%00%(upstream:short)%00%(objectname)%00%(upstream:track)%00%(upstream:remotename)%00%(upstream:remoteref) refs/heads/master refs/remotes/master [3ms]
2023-12-12 17:49:55.454 [info] > git status -z -uall [20ms]
2023-12-12 17:49:57.289 [info] > git show --textconv :public_html/atmmanager/config.php [16ms]
2023-12-12 17:49:57.291 [info] > git ls-files --stage -- /home/stu/atmmanager/public_html/atmmanager/config.php [3ms]
2023-12-12 17:49:57.308 [info] > git cat-file -s 94fb85c7d8ca860edd4f767e3c0f77e0bb36fe15 [3ms]
2023-12-12 17:50:00.549 [info] > git config --get commit.template [15ms]
2023-12-12 17:50:00.550 [info] > git for-each-ref --format=%(refname)%00%(upstream:short)%00%(objectname)%00%(upstream:track)%00%(upstream:remotename)%00%(upstream:remoteref) refs/heads/master refs/remotes/master [3ms]
2023-12-12 17:50:00.586 [info] > git status -z -uall [22ms]
2023-12-12 17:50:04.244 [info] > git show --textconv :public_html/atmmanager/delete.php [16ms]
2023-12-12 17:50:04.246 [info] > git ls-files --stage -- /home/stu/atmmanager/public_html/atmmanager/delete.php [3ms]
2023-12-12 17:50:04.263 [info] > git cat-file -s ab29e952c882e6ad3750ebdda3d3e6ad7ba725bf [3ms]
2023-12-12 17:50:05.665 [info] > git config --get commit.template [17ms]
2023-12-12 17:50:05.666 [info] > git for-each-ref --format=%(refname)%00%(upstream:short)%00%(objectname)%00%(upstream:track)%00%(upstream:remotename)%00%(upstream:remoteref) refs/heads/master refs/remotes/master [3ms]
2023-12-12 17:50:05.700 [info] > git status -z -uall [19ms]
2023-12-12 17:50:06.589 [info] > git show --textconv :public_html/atmmanager/index.php [18ms]
2023-12-12 17:50:06.591 [info] > git ls-files --stage -- /home/stu/atmmanager/public_html/atmmanager/index.php [2ms]
2023-12-12 17:50:06.609 [info] > git cat-file -s 549cca9b840e7c41c8393424a2af86294fc72833 [2ms]
2023-12-12 17:50:07.143 [info] > git show --textconv :public_html/atmmanager/insert.php [18ms]
2023-12-12 17:50:07.145 [info] > git ls-files --stage -- /home/stu/atmmanager/public_html/atmmanager/insert.php [3ms]
2023-12-12 17:50:07.163 [info] > git cat-file -s 3476fe9eb2b0686a1ce8d6f3b65eff617b179df8 [2ms]
2023-12-12 17:50:07.839 [info] > git show --textconv :public_html/atmmanager/locator.php [18ms]
2023-12-12 17:50:07.841 [info] > git ls-files --stage -- /home/stu/atmmanager/public_html/atmmanager/locator.php [3ms]
2023-12-12 17:50:08.826 [info] > git show --textconv :public_html/atmmanager/nav.php [17ms]
2023-12-12 17:50:08.828 [info] > git ls-files --stage -- /home/stu/atmmanager/public_html/atmmanager/nav.php [3ms]
2023-12-12 17:50:08.846 [info] > git cat-file -s 26062cb41ecec7e1014ed9934a1faa4c2ae7a69f [2ms]
2023-12-12 17:50:09.656 [info] > git show --textconv :public_html/atmmanager/select.php [17ms]
2023-12-12 17:50:09.657 [info] > git ls-files --stage -- /home/stu/atmmanager/public_html/atmmanager/select.php [2ms]
2023-12-12 17:50:09.675 [info] > git cat-file -s b403453c5c367c3cc8394ea47bd17ffd62cc654b [2ms]
2023-12-12 17:50:10.215 [info] > git show --textconv :public_html/atmmanager/tablemaker.php [18ms]
2023-12-12 17:50:10.216 [info] > git ls-files --stage -- /home/stu/atmmanager/public_html/atmmanager/tablemaker.php [2ms]
2023-12-12 17:50:10.234 [info] > git cat-file -s fd013d1d7fe637393127fcd27c9d22ca98f21ea1 [2ms]
2023-12-12 17:50:10.785 [info] > git config --get commit.template [4ms]
2023-12-12 17:50:10.803 [info] > git for-each-ref --format=%(refname)%00%(upstream:short)%00%(objectname)%00%(upstream:track)%00%(upstream:remotename)%00%(upstream:remoteref) refs/heads/master refs/remotes/master [3ms]
2023-12-12 17:50:10.838 [info] > git status -z -uall [19ms]
2023-12-12 17:50:11.301 [info] > git show --textconv :public_html/atmmanager/update.php [21ms]
2023-12-12 17:50:11.301 [info] > git ls-files --stage -- /home/stu/atmmanager/public_html/atmmanager/update.php [4ms]
2023-12-12 17:50:11.321 [info] > git cat-file -s ff6c4c92af842517702f1d01c08f576b2c90f933 [4ms]
2023-12-12 17:50:15.913 [info] > git config --get commit.template [18ms]
2023-12-12 17:50:15.914 [info] > git for-each-ref --format=%(refname)%00%(upstream:short)%00%(objectname)%00%(upstream:track)%00%(upstream:remotename)%00%(upstream:remoteref) refs/heads/master refs/remotes/master [3ms]
2023-12-12 17:50:15.949 [info] > git status -z -uall [18ms]
2023-12-12 17:50:18.569 [info] > git check-ignore -v -z --stdin [2ms]
2023-12-12 17:50:19.412 [info] > git show --textconv :public_html/atmmanager/Scripts/getatms.php [19ms]
2023-12-12 17:50:19.414 [info] > git ls-files --stage -- /home/stu/atmmanager/public_html/atmmanager/Scripts/getatms.php [4ms]
2023-12-12 17:50:20.360 [info] > git show --textconv :public_html/atmmanager/Scripts/googleplaces.php [19ms]
2023-12-12 17:50:20.362 [info] > git ls-files --stage -- /home/stu/atmmanager/public_html/atmmanager/Scripts/googleplaces.php [3ms]
2023-12-12 17:50:21.029 [info] > git config --get commit.template [18ms]
2023-12-12 17:50:21.030 [info] > git for-each-ref --format=%(refname)%00%(upstream:short)%00%(objectname)%00%(upstream:track)%00%(upstream:remotename)%00%(upstream:remoteref) refs/heads/master refs/remotes/master [3ms]
2023-12-12 17:50:21.066 [info] > git status -z -uall [18ms]
2023-12-12 17:50:21.579 [info] > git show --textconv :public_html/atmmanager/Scripts/visa.php [19ms]
2023-12-12 17:50:21.581 [info] > git ls-files --stage -- /home/stu/atmmanager/public_html/atmmanager/Scripts/visa.php [3ms]
2023-12-12 17:50:25.259 [info] > git show --textconv :public_html/atmmanager/Scripts/getatms.php [19ms]
2023-12-12 17:50:25.261 [info] > git ls-files --stage -- /home/stu/atmmanager/public_html/atmmanager/Scripts/getatms.php [2ms]
2023-12-12 17:50:26.145 [info] > git config --get commit.template [18ms]
2023-12-12 17:50:26.146 [info] > git for-each-ref --format=%(refname)%00%(upstream:short)%00%(objectname)%00%(upstream:track)%00%(upstream:remotename)%00%(upstream:remoteref) refs/heads/master refs/remotes/master [3ms]
2023-12-12 17:50:26.182 [info] > git status -z -uall [18ms]
2023-12-12 17:50:31.262 [info] > git config --get commit.template [19ms]
2023-12-12 17:50:31.264 [info] > git for-each-ref --format=%(refname)%00%(upstream:short)%00%(objectname)%00%(upstream:track)%00%(upstream:remotename)%00%(upstream:remoteref) refs/heads/master refs/remotes/master [2ms]
2023-12-12 17:50:31.300 [info] > git status -z -uall [18ms]
2023-12-12 17:50:36.383 [info] > git config --get commit.template [20ms]
2023-12-12 17:50:36.384 [info] > git for-each-ref --format=%(refname)%00%(upstream:short)%00%(objectname)%00%(upstream:track)%00%(upstream:remotename)%00%(upstream:remoteref) refs/heads/master refs/remotes/master [3ms]
2023-12-12 17:50:36.421 [info] > git status -z -uall [19ms]
2023-12-12 17:50:41.500 [info] > git config --get commit.template [19ms]
2023-12-12 17:50:41.501 [info] > git for-each-ref --format=%(refname)%00%(upstream:short)%00%(objectname)%00%(upstream:track)%00%(upstream:remotename)%00%(upstream:remoteref) refs/heads/master refs/remotes/master [2ms]
2023-12-12 17:50:41.538 [info] > git status -z -uall [18ms]
2023-12-12 17:50:46.617 [info] > git config --get commit.template [19ms]
2023-12-12 17:50:46.618 [info] > git for-each-ref --format=%(refname)%00%(upstream:short)%00%(objectname)%00%(upstream:track)%00%(upstream:remotename)%00%(upstream:remoteref) refs/heads/master refs/remotes/master [3ms]
2023-12-12 17:50:46.655 [info] > git status -z -uall [19ms]
2023-12-12 17:50:51.735 [info] > git config --get commit.template [19ms]
2023-12-12 17:50:51.736 [info] > git for-each-ref --format=%(refname)%00%(upstream:short)%00%(objectname)%00%(upstream:track)%00%(upstream:remotename)%00%(upstream:remoteref) refs/heads/master refs/remotes/master [3ms]
2023-12-12 17:50:51.773 [info] > git status -z -uall [19ms]
2023-12-12 17:50:56.852 [info] > git config --get commit.template [19ms]
2023-12-12 17:50:56.853 [info] > git for-each-ref --format=%(refname)%00%(upstream:short)%00%(objectname)%00%(upstream:track)%00%(upstream:remotename)%00%(upstream:remoteref) refs/heads/master refs/remotes/master [3ms]
2023-12-12 17:50:56.890 [info] > git status -z -uall [19ms]
2023-12-12 17:51:07.280 [info] > git config --get commit.template [19ms]
2023-12-12 17:51:07.281 [info] > git for-each-ref --format=%(refname)%00%(upstream:short)%00%(objectname)%00%(upstream:track)%00%(upstream:remotename)%00%(upstream:remoteref) refs/heads/master refs/remotes/master [3ms]
2023-12-12 17:51:07.318 [info] > git status -z -uall [18ms]
2023-12-12 17:51:12.398 [info] > git config --get commit.template [20ms]
2023-12-12 17:51:12.399 [info] > git for-each-ref --format=%(refname)%00%(upstream:short)%00%(objectname)%00%(upstream:track)%00%(upstream:remotename)%00%(upstream:remoteref) refs/heads/master refs/remotes/master [3ms]
2023-12-12 17:51:12.436 [info] > git status -z -uall [19ms]
2023-12-12 17:51:17.514 [info] > git config --get commit.template [20ms]
2023-12-12 17:51:17.515 [info] > git for-each-ref --format=%(refname)%00%(upstream:short)%00%(objectname)%00%(upstream:track)%00%(upstream:remotename)%00%(upstream:remoteref) refs/heads/master refs/remotes/master [3ms]
2023-12-12 17:51:17.553 [info] > git status -z -uall [19ms]
2023-12-12 17:51:22.634 [info] > git config --get commit.template [19ms]
2023-12-12 17:51:22.635 [info] > git for-each-ref --format=%(refname)%00%(upstream:short)%00%(objectname)%00%(upstream:track)%00%(upstream:remotename)%00%(upstream:remoteref) refs/heads/master refs/remotes/master [3ms]
2023-12-12 17:51:22.672 [info] > git status -z -uall [19ms]
2023-12-12 17:52:44.487 [info] > git config --get commit.template [17ms]
2023-12-12 17:52:44.488 [info] > git for-each-ref --format=%(refname)%00%(upstream:short)%00%(objectname)%00%(upstream:track)%00%(upstream:remotename)%00%(upstream:remoteref) refs/heads/master refs/remotes/master [3ms]
2023-12-12 17:52:44.522 [info] > git status -z -uall [20ms]
2023-12-12 17:57:42.702 [info] > git config --get commit.template [17ms]
2023-12-12 17:57:42.703 [info] > git for-each-ref --format=%(refname)%00%(upstream:short)%00%(objectname)%00%(upstream:track)%00%(upstream:remotename)%00%(upstream:remoteref) refs/heads/master refs/remotes/master [4ms]
2023-12-12 17:57:42.741 [info] > git status -z -uall [21ms]
2023-12-12 17:57:53.648 [info] > git config --get commit.template [17ms]
2023-12-12 17:57:53.648 [info] > git for-each-ref --format=%(refname)%00%(upstream:short)%00%(objectname)%00%(upstream:track)%00%(upstream:remotename)%00%(upstream:remoteref) refs/heads/master refs/remotes/master [2ms]
2023-12-12 17:57:53.682 [info] > git status -z -uall [19ms]
2023-12-12 17:58:06.003 [info] > git check-ignore -v -z --stdin [2ms]
2023-12-12 17:58:34.451 [info] > git config --get commit.template [20ms]
2023-12-12 17:58:34.454 [info] > git for-each-ref --format=%(refname)%00%(upstream:short)%00%(objectname)%00%(upstream:track)%00%(upstream:remotename)%00%(upstream:remoteref) refs/heads/master refs/remotes/master [5ms]
2023-12-12 17:58:34.500 [info] > git status -z -uall [28ms]
2023-12-12 17:59:25.810 [info] > git config --get commit.template [19ms]
2023-12-12 17:59:25.810 [info] > git for-each-ref --format=%(refname)%00%(upstream:short)%00%(objectname)%00%(upstream:track)%00%(upstream:remotename)%00%(upstream:remoteref) refs/heads/master refs/remotes/master [2ms]
2023-12-12 17:59:25.858 [info] > git status -z -uall [30ms]
